[03-03-2018 10:15:43] PayPal\Core\PayPalHttpConnection : INFO: POST https://api.sandbox.paypal.com/v1/oauth2/token
[03-03-2018 10:15:44] PayPal\Core\PayPalHttpConnection : INFO: Response Status 	: 401
[03-03-2018 10:15:44] PayPal\Core\PayPalHttpConnection : ERROR: Got Http response code 401 when accessing https://api.sandbox.paypal.com/v1/oauth2/token. {"error":"invalid_client","error_description":"Client Authentication failed"}
[03-03-2018 10:16:11] PayPal\Core\PayPalHttpConnection : INFO: POST https://api.sandbox.paypal.com/v1/oauth2/token
[03-03-2018 10:16:12] PayPal\Core\PayPalHttpConnection : INFO: Response Status 	: 401
[03-03-2018 10:16:12] PayPal\Core\PayPalHttpConnection : ERROR: Got Http response code 401 when accessing https://api.sandbox.paypal.com/v1/oauth2/token. {"error":"invalid_client","error_description":"Client Authentication failed"}
[03-03-2018 10:28:11] PayPal\Core\PayPalHttpConnection : INFO: POST https://api.sandbox.paypal.com/v1/oauth2/token
[03-03-2018 10:28:12] PayPal\Core\PayPalHttpConnection : INFO: Response Status 	: 401
[03-03-2018 10:28:12] PayPal\Core\PayPalHttpConnection : ERROR: Got Http response code 401 when accessing https://api.sandbox.paypal.com/v1/oauth2/token. {"error":"invalid_client","error_description":"Client Authentication failed"}
[03-03-2018 10:32:44] PayPal\Core\PayPalHttpConnection : INFO: POST https://api.sandbox.paypal.com/v1/oauth2/token
[03-03-2018 10:32:45] PayPal\Core\PayPalHttpConnection : INFO: Response Status 	: 401
[03-03-2018 10:32:45] PayPal\Core\PayPalHttpConnection : ERROR: Got Http response code 401 when accessing https://api.sandbox.paypal.com/v1/oauth2/token. {"error":"invalid_client","error_description":"Client Authentication failed"}
[03-03-2018 10:36:16] PayPal\Core\PayPalHttpConnection : INFO: POST https://api.sandbox.paypal.com/v1/oauth2/token
[03-03-2018 10:36:17] PayPal\Core\PayPalHttpConnection : INFO: Response Status 	: 401
[03-03-2018 10:36:17] PayPal\Core\PayPalHttpConnection : ERROR: Got Http response code 401 when accessing https://api.sandbox.paypal.com/v1/oauth2/token. {"error":"invalid_client","error_description":"Client Authentication failed"}
[03-03-2018 10:54:10] PayPal\Core\PayPalHttpConnection : INFO: POST https://api.sandbox.paypal.com/v1/oauth2/token
[03-03-2018 10:54:11] PayPal\Core\PayPalHttpConnection : INFO: Response Status 	: 401
[03-03-2018 10:54:11] PayPal\Core\PayPalHttpConnection : ERROR: Got Http response code 401 when accessing https://api.sandbox.paypal.com/v1/oauth2/token. {"error":"invalid_client","error_description":"Client Authentication failed"}
[03-03-2018 11:22:36] PayPal\Core\PayPalHttpConnection : INFO: POST https://api.sandbox.paypal.com/v1/oauth2/token
[03-03-2018 11:22:37] PayPal\Core\PayPalHttpConnection : INFO: Response Status 	: 401
[03-03-2018 11:22:37] PayPal\Core\PayPalHttpConnection : ERROR: Got Http response code 401 when accessing https://api.sandbox.paypal.com/v1/oauth2/token. {"error":"invalid_client","error_description":"Client Authentication failed"}
[03-03-2018 11:22:57] PayPal\Core\PayPalHttpConnection : INFO: POST https://api.sandbox.paypal.com/v1/oauth2/token
[03-03-2018 11:22:58] PayPal\Core\PayPalHttpConnection : INFO: Response Status 	: 401
[03-03-2018 11:22:58] PayPal\Core\PayPalHttpConnection : ERROR: Got Http response code 401 when accessing https://api.sandbox.paypal.com/v1/oauth2/token. {"error":"invalid_client","error_description":"Client Authentication failed"}
[03-03-2018 11:28:52] PayPal\Core\PayPalHttpConnection : INFO: POST https://api.sandbox.paypal.com/v1/oauth2/token
[03-03-2018 11:28:53] PayPal\Core\PayPalHttpConnection : INFO: Response Status 	: 401
[03-03-2018 11:28:53] PayPal\Core\PayPalHttpConnection : ERROR: Got Http response code 401 when accessing https://api.sandbox.paypal.com/v1/oauth2/token. {"error":"invalid_client","error_description":"Client Authentication failed"}
[03-03-2018 11:38:32] PayPal\Core\PayPalHttpConnection : INFO: POST https://api.sandbox.paypal.com/v1/oauth2/token
[03-03-2018 11:38:33] PayPal\Core\PayPalHttpConnection : INFO: Response Status 	: 401
[03-03-2018 11:38:33] PayPal\Core\PayPalHttpConnection : ERROR: Got Http response code 401 when accessing https://api.sandbox.paypal.com/v1/oauth2/token. {"error":"invalid_client","error_description":"Client Authentication failed"}
[03-03-2018 11:54:44] PayPal\Core\PayPalHttpConnection : INFO: POST https://api.sandbox.paypal.com/v1/oauth2/token
[03-03-2018 11:54:45] PayPal\Core\PayPalHttpConnection : INFO: Response Status 	: 401
[03-03-2018 11:54:45] PayPal\Core\PayPalHttpConnection : ERROR: Got Http response code 401 when accessing https://api.sandbox.paypal.com/v1/oauth2/token. {"error":"invalid_client","error_description":"Client Authentication failed"}
[03-03-2018 12:03:14] PayPal\Core\PayPalHttpConnection : INFO: POST https://api.sandbox.paypal.com/v1/oauth2/token
[03-03-2018 12:03:15] PayPal\Core\PayPalHttpConnection : INFO: Response Status 	: 401
[03-03-2018 12:03:15] PayPal\Core\PayPalHttpConnection : ERROR: Got Http response code 401 when accessing https://api.sandbox.paypal.com/v1/oauth2/token. {"error":"invalid_client","error_description":"Client Authentication failed"}
[03-03-2018 12:13:17] PayPal\Core\PayPalHttpConnection : INFO: POST https://api.sandbox.paypal.com/v1/oauth2/token
[03-03-2018 12:13:19] PayPal\Core\PayPalHttpConnection : INFO: Response Status 	: 401
[03-03-2018 12:13:19] PayPal\Core\PayPalHttpConnection : ERROR: Got Http response code 401 when accessing https://api.sandbox.paypal.com/v1/oauth2/token. {"error":"invalid_client","error_description":"Client Authentication failed"}
[03-03-2018 12:18:34] PayPal\Core\PayPalHttpConnection : INFO: POST https://api.sandbox.paypal.com/v1/oauth2/token
[03-03-2018 12:18:35] PayPal\Core\PayPalHttpConnection : INFO: Response Status 	: 401
[03-03-2018 12:18:35] PayPal\Core\PayPalHttpConnection : ERROR: Got Http response code 401 when accessing https://api.sandbox.paypal.com/v1/oauth2/token. {"error":"invalid_client","error_description":"Client Authentication failed"}
[03-03-2018 12:20:58] PayPal\Core\PayPalHttpConnection : INFO: POST https://api.sandbox.paypal.com/v1/oauth2/token
[03-03-2018 12:20:59] PayPal\Core\PayPalHttpConnection : INFO: Response Status 	: 401
[03-03-2018 12:21:00] PayPal\Core\PayPalHttpConnection : ERROR: Got Http response code 401 when accessing https://api.sandbox.paypal.com/v1/oauth2/token. {"error":"invalid_client","error_description":"Client Authentication failed"}
[03-03-2018 06:37:14] PayPal\Core\PayPalHttpConnection : INFO: POST https://api.sandbox.paypal.com/v1/oauth2/token
[03-03-2018 06:37:15] PayPal\Core\PayPalHttpConnection : INFO: Response Status 	: 200
[03-03-2018 06:37:15] PayPal\Core\PayPalHttpConnection : INFO: POST https://api.sandbox.paypal.com/v1/payments/payment
[03-03-2018 06:37:16] PayPal\Core\PayPalHttpConnection : INFO: Response Status 	: 201
[03-03-2018 06:41:54] PayPal\Core\PayPalHttpConnection : INFO: POST https://api.sandbox.paypal.com/v1/oauth2/token
[03-03-2018 06:41:55] PayPal\Core\PayPalHttpConnection : INFO: Response Status 	: 200
[03-03-2018 06:41:55] PayPal\Core\PayPalHttpConnection : INFO: POST https://api.sandbox.paypal.com/v1/payments/payment
[03-03-2018 06:41:56] PayPal\Core\PayPalHttpConnection : INFO: Response Status 	: 201
[04-03-2018 10:08:07] PayPal\Core\PayPalHttpConnection : INFO: POST https://api.sandbox.paypal.com/v1/oauth2/token
[04-03-2018 10:08:09] PayPal\Core\PayPalHttpConnection : INFO: Response Status 	: 200
[04-03-2018 10:08:09] PayPal\Core\PayPalHttpConnection : INFO: POST https://api.sandbox.paypal.com/v1/payments/payment
[04-03-2018 10:08:10] PayPal\Core\PayPalHttpConnection : INFO: Response Status 	: 201
[04-03-2018 10:14:26] PayPal\Core\PayPalHttpConnection : INFO: POST https://api.sandbox.paypal.com/v1/oauth2/token
[04-03-2018 10:14:27] PayPal\Core\PayPalHttpConnection : INFO: Response Status 	: 200
[04-03-2018 10:14:27] PayPal\Core\PayPalHttpConnection : INFO: POST https://api.sandbox.paypal.com/v1/payments/payment
[04-03-2018 10:14:28] PayPal\Core\PayPalHttpConnection : INFO: Response Status 	: 201
[04-03-2018 10:14:36] PayPal\Core\PayPalHttpConnection : INFO: POST https://api.sandbox.paypal.com/v1/oauth2/token
[04-03-2018 10:14:37] PayPal\Core\PayPalHttpConnection : INFO: Response Status 	: 200
[04-03-2018 10:14:37] PayPal\Core\PayPalHttpConnection : INFO: POST https://api.sandbox.paypal.com/v1/payments/payment
[04-03-2018 10:14:39] PayPal\Core\PayPalHttpConnection : INFO: Response Status 	: 201
[04-03-2018 10:21:57] PayPal\Core\PayPalHttpConnection : INFO: POST https://api.sandbox.paypal.com/v1/oauth2/token
[04-03-2018 10:21:58] PayPal\Core\PayPalHttpConnection : INFO: Response Status 	: 200
[04-03-2018 10:21:58] PayPal\Core\PayPalHttpConnection : INFO: POST https://api.sandbox.paypal.com/v1/payments/payment
[04-03-2018 10:21:59] PayPal\Core\PayPalHttpConnection : INFO: Response Status 	: 201
[04-03-2018 10:22:10] PayPal\Core\PayPalHttpConnection : INFO: POST https://api.sandbox.paypal.com/v1/oauth2/token
[04-03-2018 10:22:11] PayPal\Core\PayPalHttpConnection : INFO: Response Status 	: 200
[04-03-2018 10:22:11] PayPal\Core\PayPalHttpConnection : INFO: POST https://api.sandbox.paypal.com/v1/payments/payment
[04-03-2018 10:22:13] PayPal\Core\PayPalHttpConnection : INFO: Response Status 	: 201
[04-03-2018 10:23:50] PayPal\Core\PayPalHttpConnection : INFO: POST https://api.sandbox.paypal.com/v1/oauth2/token
[04-03-2018 10:23:51] PayPal\Core\PayPalHttpConnection : INFO: Response Status 	: 200
[04-03-2018 10:23:51] PayPal\Core\PayPalHttpConnection : INFO: POST https://api.sandbox.paypal.com/v1/payments/payment
[04-03-2018 10:23:52] PayPal\Core\PayPalHttpConnection : INFO: Response Status 	: 201
[04-03-2018 10:23:56] PayPal\Core\PayPalHttpConnection : INFO: POST https://api.sandbox.paypal.com/v1/oauth2/token
[04-03-2018 10:23:57] PayPal\Core\PayPalHttpConnection : INFO: Response Status 	: 200
[04-03-2018 10:23:57] PayPal\Core\PayPalHttpConnection : INFO: POST https://api.sandbox.paypal.com/v1/payments/payment
[04-03-2018 10:23:58] PayPal\Core\PayPalHttpConnection : INFO: Response Status 	: 201
[04-03-2018 10:26:30] PayPal\Core\PayPalHttpConnection : INFO: POST https://api.sandbox.paypal.com/v1/oauth2/token
[04-03-2018 10:26:31] PayPal\Core\PayPalHttpConnection : INFO: Response Status 	: 200
[04-03-2018 10:26:31] PayPal\Core\PayPalHttpConnection : INFO: POST https://api.sandbox.paypal.com/v1/payments/payment
[04-03-2018 10:26:32] PayPal\Core\PayPalHttpConnection : INFO: Response Status 	: 201
[04-03-2018 10:34:37] PayPal\Core\PayPalHttpConnection : INFO: POST https://api.sandbox.paypal.com/v1/oauth2/token
[04-03-2018 10:34:38] PayPal\Core\PayPalHttpConnection : INFO: Response Status 	: 200
[04-03-2018 10:34:38] PayPal\Core\PayPalHttpConnection : INFO: POST https://api.sandbox.paypal.com/v1/payments/payment
[04-03-2018 10:34:39] PayPal\Core\PayPalHttpConnection : INFO: Response Status 	: 201
[04-03-2018 10:34:54] PayPal\Core\PayPalHttpConnection : INFO: POST https://api.sandbox.paypal.com/v1/oauth2/token
[04-03-2018 10:34:55] PayPal\Core\PayPalHttpConnection : INFO: Response Status 	: 200
[04-03-2018 10:34:55] PayPal\Core\PayPalHttpConnection : INFO: POST https://api.sandbox.paypal.com/v1/payments/payment
[04-03-2018 10:34:57] PayPal\Core\PayPalHttpConnection : INFO: Response Status 	: 201
[04-03-2018 10:37:59] PayPal\Core\PayPalHttpConnection : INFO: POST https://api.sandbox.paypal.com/v1/oauth2/token
[04-03-2018 10:38:00] PayPal\Core\PayPalHttpConnection : INFO: Response Status 	: 200
[04-03-2018 10:38:00] PayPal\Core\PayPalHttpConnection : INFO: POST https://api.sandbox.paypal.com/v1/payments/payment
[04-03-2018 10:38:01] PayPal\Core\PayPalHttpConnection : INFO: Response Status 	: 201
[04-03-2018 10:38:11] PayPal\Core\PayPalHttpConnection : INFO: POST https://api.sandbox.paypal.com/v1/oauth2/token
[04-03-2018 10:38:12] PayPal\Core\PayPalHttpConnection : INFO: Response Status 	: 200
[04-03-2018 10:38:12] PayPal\Core\PayPalHttpConnection : INFO: POST https://api.sandbox.paypal.com/v1/payments/payment
[04-03-2018 10:38:13] PayPal\Core\PayPalHttpConnection : INFO: Response Status 	: 201
[04-03-2018 10:40:50] PayPal\Core\PayPalHttpConnection : INFO: POST https://api.sandbox.paypal.com/v1/oauth2/token
[04-03-2018 10:40:51] PayPal\Core\PayPalHttpConnection : INFO: Response Status 	: 200
[04-03-2018 10:40:51] PayPal\Core\PayPalHttpConnection : INFO: POST https://api.sandbox.paypal.com/v1/payments/payment
[04-03-2018 10:40:53] PayPal\Core\PayPalHttpConnection : INFO: Response Status 	: 201
[04-03-2018 10:41:03] PayPal\Core\PayPalHttpConnection : INFO: POST https://api.sandbox.paypal.com/v1/oauth2/token
[04-03-2018 10:41:04] PayPal\Core\PayPalHttpConnection : INFO: Response Status 	: 200
[04-03-2018 10:41:04] PayPal\Core\PayPalHttpConnection : INFO: POST https://api.sandbox.paypal.com/v1/payments/payment
[04-03-2018 10:41:05] PayPal\Core\PayPalHttpConnection : INFO: Response Status 	: 201
[04-03-2018 10:59:38] PayPal\Core\PayPalHttpConnection : INFO: POST https://api.sandbox.paypal.com/v1/oauth2/token
[04-03-2018 10:59:39] PayPal\Core\PayPalHttpConnection : INFO: Response Status 	: 200
[04-03-2018 10:59:39] PayPal\Core\PayPalHttpConnection : INFO: POST https://api.sandbox.paypal.com/v1/payment-experience/web-profiles/
[04-03-2018 10:59:40] PayPal\Core\PayPalHttpConnection : INFO: Response Status 	: 201
[04-03-2018 10:59:40] PayPal\Core\PayPalHttpConnection : INFO: POST https://api.sandbox.paypal.com/v1/oauth2/token
[04-03-2018 10:59:41] PayPal\Core\PayPalHttpConnection : INFO: Response Status 	: 200
[04-03-2018 10:59:41] PayPal\Core\PayPalHttpConnection : INFO: POST https://api.sandbox.paypal.com/v1/payments/payment
[04-03-2018 10:59:43] PayPal\Core\PayPalHttpConnection : INFO: Response Status 	: 201
[04-03-2018 11:02:10] PayPal\Core\PayPalHttpConnection : INFO: POST https://api.sandbox.paypal.com/v1/oauth2/token
[04-03-2018 11:02:11] PayPal\Core\PayPalHttpConnection : INFO: Response Status 	: 200
[04-03-2018 11:02:11] PayPal\Core\PayPalHttpConnection : INFO: POST https://api.sandbox.paypal.com/v1/payment-experience/web-profiles/
[04-03-2018 11:02:12] PayPal\Core\PayPalHttpConnection : INFO: Response Status 	: 201
[04-03-2018 11:02:12] PayPal\Core\PayPalHttpConnection : INFO: POST https://api.sandbox.paypal.com/v1/oauth2/token
[04-03-2018 11:02:13] PayPal\Core\PayPalHttpConnection : INFO: Response Status 	: 200
[04-03-2018 11:02:13] PayPal\Core\PayPalHttpConnection : INFO: POST https://api.sandbox.paypal.com/v1/payments/payment
[04-03-2018 11:02:13] PayPal\Core\PayPalHttpConnection : INFO: POST https://api.sandbox.paypal.com/v1/oauth2/token
[04-03-2018 11:02:14] PayPal\Core\PayPalHttpConnection : INFO: Response Status 	: 200
[04-03-2018 11:02:14] PayPal\Core\PayPalHttpConnection : INFO: POST https://api.sandbox.paypal.com/v1/payment-experience/web-profiles/
[04-03-2018 11:02:14] PayPal\Core\PayPalHttpConnection : INFO: Response Status 	: 201
[04-03-2018 11:02:15] PayPal\Core\PayPalHttpConnection : INFO: Response Status 	: 201
[04-03-2018 11:02:15] PayPal\Core\PayPalHttpConnection : INFO: POST https://api.sandbox.paypal.com/v1/oauth2/token
[04-03-2018 11:02:16] PayPal\Core\PayPalHttpConnection : INFO: Response Status 	: 200
[04-03-2018 11:02:16] PayPal\Core\PayPalHttpConnection : INFO: POST https://api.sandbox.paypal.com/v1/payments/payment
[04-03-2018 11:02:18] PayPal\Core\PayPalHttpConnection : INFO: Response Status 	: 201
[04-03-2018 11:06:31] PayPal\Core\PayPalHttpConnection : INFO: POST https://api.sandbox.paypal.com/v1/oauth2/token
[04-03-2018 11:06:32] PayPal\Core\PayPalHttpConnection : INFO: Response Status 	: 200
[04-03-2018 11:06:32] PayPal\Core\PayPalHttpConnection : INFO: POST https://api.sandbox.paypal.com/v1/payment-experience/web-profiles/
[04-03-2018 11:06:34] PayPal\Core\PayPalHttpConnection : INFO: Response Status 	: 201
[04-03-2018 11:06:34] PayPal\Core\PayPalHttpConnection : INFO: POST https://api.sandbox.paypal.com/v1/oauth2/token
[04-03-2018 11:06:35] PayPal\Core\PayPalHttpConnection : INFO: Response Status 	: 200
[04-03-2018 11:06:35] PayPal\Core\PayPalHttpConnection : INFO: POST https://api.sandbox.paypal.com/v1/payments/payment
[04-03-2018 11:06:37] PayPal\Core\PayPalHttpConnection : INFO: Response Status 	: 201
